c:\users\marco\source\repos\ipc_work\debug\vc142.pdb
c:\users\marco\source\repos\ipc_work\debug\vc142.idb
c:\users\marco\source\repos\ipc_work\debug\practice.obj
c:\users\marco\source\repos\ipc_work\debug\onlineguides.obj
c:\users\marco\source\repos\ipc_work\debug\w1p1.obj
c:\users\marco\source\repos\ipc_work\debug\celsiustofahren.obj
c:\users\marco\source\repos\ipc_work\debug\loopexercise1.obj
c:\users\marco\source\repos\ipc_work\debug\harmonics.obj
c:\users\marco\source\repos\ipc_work\debug\quiz3.obj
c:\users\marco\source\repos\ipc_work\debug\quiz5.obj
c:\users\marco\source\repos\ipc_work\debug\debugingq1.obj
c:\users\marco\source\repos\ipc_work\debug\question2.obj
c:\users\marco\source\repos\ipc_work\debug\ipc_work.exe
c:\users\marco\source\repos\ipc_work\debug\ipc_work.ilk
c:\users\marco\source\repos\ipc_work\debug\ipc_work.tlog\cl.command.1.tlog
c:\users\marco\source\repos\ipc_work\debug\ipc_work.tlog\cl.read.1.tlog
c:\users\marco\source\repos\ipc_work\debug\ipc_work.tlog\cl.write.1.tlog
c:\users\marco\source\repos\ipc_work\debug\ipc_work.tlog\link.command.1.tlog
c:\users\marco\source\repos\ipc_work\debug\ipc_work.tlog\link.read.1.tlog
c:\users\marco\source\repos\ipc_work\debug\ipc_work.tlog\link.write.1.tlog
